<?xml version="1.0" encoding="UTF-8"?>
<testng-results ignored="0" total="1" passed="1" failed="0" skipped="0">
  <reporter-output>
  </reporter-output>
  <suite started-at="2023-11-30T14:26:43 IST" name="Default suite" finished-at="2023-11-30T14:26:54 IST" duration-ms="10660">
    <groups>
    </groups>
    <test started-at="2023-11-30T14:26:43 IST" name="Default test" finished-at="2023-11-30T14:26:54 IST" duration-ms="10660">
      <class name="testngpkg.Datepickerpgm">
        <test-method is-config="true" signature="setup()[pri:0, instance:testngpkg.Datepickerpgm@72e5a8e]" started-at="2023-11-30T14:26:43 IST" name="setup" finished-at="2023-11-30T14:26:52 IST" duration-ms="9060" status="PASS">
          <reporter-output>
          </reporter-output>
        </test-method> <!-- setup -->
        <test-method signature="datepickertest()[pri:0, instance:testngpkg.Datepickerpgm@72e5a8e]" started-at="2023-11-30T14:26:52 IST" name="datepickertest" finished-at="2023-11-30T14:26:54 IST" duration-ms="1549" status="PASS">
          <reporter-output>
          </reporter-output>
        </test-method> <!-- datepickertest -->
      </class> <!-- testngpkg.Datepickerpgm -->
    </test> <!-- Default test -->
  </suite> <!-- Default suite -->
</testng-results>
